[0.724s] Invoking command in '/home/ros_user/Desktop/program/build/ros2_course': PYTHONPATH=/home/ros_user/Desktop/program/build/ros2_course/prefix_override:/home/ros_user/Desktop/program/install/ros2_course/lib/python3.10/site-packages:${PYTHONPATH} /usr/bin/python3 setup.py develop --editable --build-directory /home/ros_user/Desktop/program/build/ros2_course/build --no-deps install_data
[0.908s] running develop
[0.910s] /usr/lib/python3/dist-packages/setuptools/command/easy_install.py:158: EasyInstallDeprecationWarning: easy_install command is deprecated. Use build and pip and other standards-based tools.
[0.910s]   warnings.warn(
[0.912s] /usr/lib/python3/dist-packages/setuptools/command/install.py:34: SetuptoolsDeprecationWarning: setup.py install is deprecated. Use build and pip and other standards-based tools.
[0.912s]   warnings.warn(
[1.013s] running egg_info
[1.013s] creating ros2_course.egg-info
[1.013s] writing ros2_course.egg-info/PKG-INFO
[1.013s] writing dependency_links to ros2_course.egg-info/dependency_links.txt
[1.013s] writing entry points to ros2_course.egg-info/entry_points.txt
[1.014s] writing requirements to ros2_course.egg-info/requires.txt
[1.014s] writing top-level names to ros2_course.egg-info/top_level.txt
[1.014s] writing manifest file 'ros2_course.egg-info/SOURCES.txt'
[1.015s] reading manifest file 'ros2_course.egg-info/SOURCES.txt'
[1.016s] writing manifest file 'ros2_course.egg-info/SOURCES.txt'
[1.016s] running build_ext
[1.017s] Creating /home/ros_user/Desktop/program/install/ros2_course/lib/python3.10/site-packages/ros2-course.egg-link (link to .)
[1.017s] Installing hello script to /home/ros_user/Desktop/program/install/ros2_course/lib/ros2_course
[1.018s] 
[1.018s] Installed /home/ros_user/Desktop/program/build/ros2_course
[1.018s] running install_data
[1.018s] creating /home/ros_user/Desktop/program/install/ros2_course/share/ament_index
[1.018s] creating /home/ros_user/Desktop/program/install/ros2_course/share/ament_index/resource_index
[1.018s] creating /home/ros_user/Desktop/program/install/ros2_course/share/ament_index/resource_index/packages
[1.018s] copying resource/ros2_course -> /home/ros_user/Desktop/program/install/ros2_course/share/ament_index/resource_index/packages
[1.018s] copying package.xml -> /home/ros_user/Desktop/program/install/ros2_course/share/ros2_course
[1.035s] Invoked command in '/home/ros_user/Desktop/program/build/ros2_course' returned '0': PYTHONPATH=/home/ros_user/Desktop/program/build/ros2_course/prefix_override:/home/ros_user/Desktop/program/install/ros2_course/lib/python3.10/site-packages:${PYTHONPATH} /usr/bin/python3 setup.py develop --editable --build-directory /home/ros_user/Desktop/program/build/ros2_course/build --no-deps install_data
